<?xml version="1.0" encoding="UTF-8"?>
<!-- Generated by org.testng.reporters.JUnitReportReporter -->
<testsuite hostname="DESKTOP-4KJHQ19" failures="0" tests="1" name="testsJava.Tests" time="21.381" errors="0" timestamp="2023-08-22T14:13:02 ART" skipped="0">
  <testcase classname="testsJava.Tests" name="pruebaTres" time="21.381"/>
</testsuite> <!-- testsJava.Tests -->
